Mew
raiz esq dir dir dir dir esq SIM
Charmander
raiz esq esq esq dir dir NAO
Squirtle
raiz dir dir esq esq esq dir NAO
Pikachu
raiz dir esq esq dir dir NAO
Jigglypuff
raiz esq dir esq dir dir dir NAO
Poliwag
raiz dir esq esq dir dir NAO
Meowth
raiz esq dir dir dir dir esq esq NAO
Scyther
raiz dir esq dir dir dir dir NAO
Chikorita
raiz esq esq esq dir dir NAO
Totodile
raiz dir dir dir esq dir esq NAO
Ditto
raiz esq dir esq esq SIM
Togepi
raiz dir dir dir esq dir esq NAO
Ampharos
raiz esq esq esq esq esq SIM
Misdreavus
raiz esq dir dir dir dir esq dir NAO
Houndour
raiz esq dir esq dir dir esq NAO
Treecko
raiz dir dir dir SIM
Tyranitar
raiz dir dir dir dir esq SIM
Mudkip
raiz esq dir dir dir dir esq dir NAO
Ralts
raiz dir esq dir dir esq NAO
Shinx
raiz dir esq dir dir dir dir NAO
Gible
raiz esq dir esq dir esq dir NAO
Snivy
raiz dir esq dir dir dir dir NAO
Tepig
raiz dir dir esq dir dir esq NAO
Froakie
raiz esq dir esq dir esq dir NAO
Rowlet
raiz dir esq dir dir dir dir NAO
