x: 3.400000
y: 1.400000
x: 0.700000
y: 3.400000
x: 0.300000
y: 1.400000
x: 0.300000
y: 0.700000
x: 0.800000
y: 0.700000
x: 0.800000
y: 0.300000
x: 5.000000
y: 3.400000
x: 5.000000
y: 0.800000
x: 0.500000
y: 0.800000
x: 0.500000
y: 5.000000
x: 0.500000
y: 1.400000
x: 0.500000
y: 0.300000
x: 0.500000
y: 0.500000
x: 1.500000
y: 0.300000
x: 1.500000
y: 0.500000
x: 1.500000
y: 0.500000
x: 1.700000
y: 0.700000
x: 1.700000
y: 0.500000
x: 1.700000
y: 1.500000
x: 2.300000
y: 0.500000
x: 2.300000
y: 1.500000
x: 2.300000
y: 1.700000
x: 0.800000
y: 3.400000
x: 0.800000
y: 5.000000
x: 0.800000
y: 2.300000
x: 0.300000
y: 5.000000
x: 0.300000
y: 2.300000
x: 0.300000
y: 0.800000
x: 0.300000
y: 0.800000
x: 0.300000
y: 0.800000
x: 0.300000
y: 0.300000
x: 1.200000
y: 0.800000
x: 1.200000
y: 0.300000
x: 1.200000
y: 0.300000
x: 0.400000
y: 1.400000
x: 0.400000
y: 0.500000
x: 0.400000
y: 1.700000
x: 0.400000
y: 1.200000
x: 0.400000
y: 0.500000
x: 0.400000
y: 1.700000
x: 0.400000
y: 1.200000
x: 0.400000
y: 0.400000
x: 4.500000
y: 0.300000
x: 4.500000
y: 1.200000
x: 4.500000
y: 0.400000
x: 4.500000
y: 0.400000
x: 1.000000
y: 1.200000
x: 1.000000
y: 0.400000
x: 1.000000
y: 0.400000
x: 1.000000
y: 4.500000
x: 1.000000
y: 0.700000
x: 1.000000
y: 1.500000
x: 1.000000
y: 4.500000
x: 1.000000
y: 1.000000
x: 1.000000
y: 1.500000
x: 1.000000
y: 4.500000
x: 1.000000
y: 1.000000
x: 1.000000
y: 1.000000
x: 1.000000
y: 0.500000
x: 1.000000
y: 1.000000
x: 1.000000
y: 1.000000
x: 0.500000
y: 1.000000
x: 0.500000
y: 1.000000
x: 0.500000
y: 1.000000
x: 0.500000
y: 1.000000
x: 0.700000
y: 3.400000
x: 0.700000
y: 2.300000
x: 0.700000
y: 0.300000
x: 0.700000
y: 0.500000
x: 2.500000
y: 2.300000
x: 2.500000
y: 0.300000
x: 2.500000
y: 0.500000
x: 2.500000
y: 0.700000
x: 1.500000
y: 5.000000
x: 1.500000
y: 0.500000
x: 1.500000
y: 0.700000
x: 1.500000
y: 2.500000
x: 1.600000
y: 0.500000
x: 1.600000
y: 0.700000
x: 1.600000
y: 2.500000
x: 1.600000
y: 1.500000
x: 0.400000
y: 0.800000
x: 0.400000
y: 0.300000
x: 0.400000
y: 1.500000
x: 0.400000
y: 1.600000
x: 0.600000
y: 0.300000
x: 0.600000
y: 1.500000
x: 0.600000
y: 1.600000
x: 0.600000
y: 0.400000
x: 0.600000
y: 0.800000
x: 0.600000
y: 1.600000
x: 0.600000
y: 0.400000
x: 0.600000
y: 0.600000
x: 0.000000
y: 1.600000
x: 0.000000
y: 0.400000
x: 0.000000
y: 0.600000
x: 0.000000
y: 0.600000
x: 3.500000
y: 1.400000
x: 3.500000
y: 1.700000
x: 3.500000
y: 0.400000
x: 3.500000
y: 1.000000
x: 3.500000
y: 0.000000
x: 0.300000
y: 1.700000
x: 0.300000
y: 0.400000
x: 0.300000
y: 1.000000
x: 0.300000
y: 0.000000
x: 0.300000
y: 3.500000
x: 1.800000
y: 0.500000
x: 1.800000
y: 1.000000
x: 1.800000
y: 0.000000
x: 1.800000
y: 3.500000
x: 1.800000
y: 0.300000
x: 0.700000
y: 1.000000
x: 0.700000
y: 0.000000
x: 0.700000
y: 3.500000
x: 0.700000
y: 0.300000
x: 0.700000
y: 1.800000
x: 1.700000
y: 0.300000
x: 1.700000
y: 0.400000
x: 1.700000
y: 0.300000
x: 1.700000
y: 1.800000
x: 1.700000
y: 0.700000
x: 0.500000
y: 0.400000
x: 0.500000
y: 0.300000
x: 0.500000
y: 1.800000
x: 0.500000
y: 0.700000
x: 0.500000
y: 1.700000
x: 0.200000
y: 1.200000
x: 0.200000
y: 1.800000
x: 0.200000
y: 0.700000
x: 0.200000
y: 1.700000
x: 0.200000
y: 0.500000
x: 0.800000
y: 1.800000
x: 0.800000
y: 0.700000
x: 0.800000
y: 1.700000
x: 0.800000
y: 0.500000
x: 0.800000
y: 0.200000
x: 0.400000
y: 0.700000
x: 0.400000
y: 4.500000
x: 0.400000
y: 1.000000
x: 0.400000
y: 0.200000
x: 0.400000
y: 0.800000
x: 0.300000
y: 4.500000
x: 0.300000
y: 1.000000
x: 0.300000
y: 0.200000
x: 0.300000
y: 0.800000
x: 0.300000
y: 0.400000
x: 0.800000
y: 1.500000
x: 0.800000
y: 0.200000
x: 0.800000
y: 0.800000
x: 0.600000
y: 0.200000
x: 0.600000
y: 0.800000
x: 0.600000
y: 0.800000
x: 0.600000
y: 0.400000
x: 0.600000
y: 0.300000
x: 0.300000
y: 0.500000
x: 0.300000
y: 1.000000
x: 0.300000
y: 0.400000
x: 0.300000
y: 0.300000
x: 3.200000
y: 1.000000
x: 3.200000
y: 0.400000
x: 3.200000
y: 0.300000
x: 3.200000
y: 0.300000
x: 3.200000
y: 0.600000
x: 2.200000
y: 1.000000
x: 2.200000
y: 0.300000
x: 2.200000
y: 0.300000
x: 2.200000
y: 0.600000
x: 2.200000
y: 3.200000
x: 1.300000
y: 0.300000
x: 1.300000
y: 0.300000
x: 1.300000
y: 0.600000
x: 1.300000
y: 3.200000
x: 1.300000
y: 2.200000
x: 2.000000
y: 3.400000
x: 2.000000
y: 0.300000
x: 2.000000
y: 2.500000
x: 2.000000
y: 0.600000
x: 2.000000
y: 1.300000
x: 1.200000
y: 0.300000
x: 1.200000
y: 2.500000
x: 1.200000
y: 0.600000
x: 1.200000
y: 1.300000
x: 1.200000
y: 2.000000
x: 1.900000
y: 2.300000
x: 1.900000
y: 0.600000
x: 1.900000
y: 1.300000
x: 1.900000
y: 2.000000
x: 1.900000
y: 1.200000
x: 2.200000
y: 1.200000
x: 0.400000
y: 2.200000
x: 2.200000
y: 1.200000
x: 2.300000
y: 2.200000
x: 2.200000
y: 1.200000
x: 0.300000
y: 2.200000
x: 2.200000
y: 1.200000
x: 3.400000
y: 2.200000
x: 2.200000
y: 1.200000
x: 0.300000
y: 2.200000
x: 2.200000
y: 1.200000
x: 1.000000
y: 2.200000
x: 2.200000
y: 1.200000
x: 1.000000
y: 2.200000
x: 2.200000
y: 1.200000
x: 0.500000
y: 2.200000
x: 2.200000
y: 1.200000
x: 0.200000
y: 2.200000
x: 2.200000
y: 1.200000
x: 1.500000
y: 2.200000
x: 2.200000
y: 1.200000
x: 4.500000
y: 2.200000
x: 2.200000
y: 1.200000
x: 0.700000
y: 2.200000
x: 2.200000
y: 1.200000
x: 1.800000
y: 2.200000
x: 2.200000
y: 1.200000
x: 1.200000
y: 2.200000
x: 2.200000
y: 1.200000
x: 0.400000
y: 2.200000
x: 2.200000
y: 1.200000
x: 0.300000
y: 2.200000
x: 2.200000
y: 1.200000
x: 1.000000
y: 2.200000
x: 2.200000
y: 1.200000
x: 0.500000
y: 2.200000
x: 2.200000
y: 1.200000
x: 1.700000
y: 2.200000
x: 2.200000
y: 1.200000
x: 1.400000
y: 2.200000
x: 2.200000
y: 1.200000
x: 1.600000
y: 2.200000
x: 2.200000
y: 1.200000
x: 0.800000
y: 2.200000
x: 2.200000
y: 1.200000
x: 0.300000
y: 2.200000
x: 2.200000
y: 1.200000
x: 0.800000
y: 2.200000
x: 2.200000
y: 1.200000
x: 0.500000
y: 2.200000
x: 2.200000
y: 1.200000
x: 5.000000
y: 2.200000
x: 2.200000
y: 1.200000
x: 0.600000
y: 2.200000
x: 2.200000
y: 1.200000
x: 2.500000
y: 2.200000
x: 2.200000
y: 1.200000
x: 0.300000
y: 2.200000
x: 2.200000
y: 1.200000
x: 0.400000
y: 2.200000
x: 2.200000
y: 1.200000
x: 0.800000
y: 2.200000
x: 2.200000
y: 1.200000
x: 1.000000
y: 2.200000
x: 2.200000
y: 1.200000
x: 0.700000
y: 2.200000
x: 2.200000
y: 1.200000
x: 0.300000
y: 2.200000
x: 2.200000
y: 1.200000
x: 0.000000
y: 2.200000
x: 2.200000
y: 1.200000
x: 0.400000
y: 2.200000
x: 2.200000
y: 1.200000
x: 0.400000
y: 2.200000
x: 2.200000
y: 1.200000
x: 1.500000
y: 2.200000
x: 2.200000
y: 1.200000
x: 0.700000
y: 2.200000
x: 2.200000
y: 1.200000
x: 1.300000
y: 2.200000
x: 2.200000
y: 1.200000
x: 0.600000
y: 2.200000
x: 2.200000
y: 1.200000
x: 0.800000
y: 2.200000
x: 2.200000
y: 1.200000
x: 1.700000
y: 2.200000
x: 2.200000
y: 1.200000
x: 3.500000
y: 2.200000
x: 2.200000
y: 1.200000
x: 0.600000
y: 2.200000
x: 2.200000
y: 1.200000
x: 2.000000
y: 2.200000
x: 2.200000
y: 1.200000
x: 3.200000
y: 2.200000
x: 2.200000
y: 1.200000
x: 0.500000
y: 2.200000
x: 1.200000
y: 2.200000
[#477 -> Dusknoir: Gripper Pokémon - ['ghost'] - ['Pressure', 'Frisk'] - 106.6kg - 2.2m - 45% - false - 4 gen] - 20/09/D093
[#666 -> Vivillon: Scale Pokémon - ['bug', 'flying'] - ['Shield Dust', 'Compoundeyes', 'Friend Guard'] - 17.0kg - 1.2m - 45% - false - 6 gen] - 20/06/2013
[#438 -> Bonsly: Bonsai Pokémon - ['rock'] - ['Sturdy', 'Rock Head', 'Rattled'] - 15.0kg - 0.5m - 255% - false - 4 gen] - 31/08/2006
[#493 -> Arceus: Alpha Pokémon - ['normal'] - ['Multitype'] - 320.0kg - 3.2m - 3% - true - 4 gen] - 10/12/2006
[#248 -> Tyranitar: Armor Pokémon - ['rock', 'dark'] - ['Sand Stream', 'Unnerve'] - 202.0kg - 2.0m - 45% - false - 2 gen] - 27/10/1999
[#608 -> Lampent: Lamp Pokémon - ['ghost', 'fire'] - ['Flash Fire', 'Flame Body', 'Infiltrator'] - 13.0kg - 0.6m - 90% - false - 5 gen] - 17/05/2010
[#24 -> Arbok: Cobra Pokémon - ['poison'] - ['Intimidate', 'Shed Skin', 'Unnerve'] - 65.0kg - 3.5m - 90% - false - 1 gen] - 28/01/1996
[#740 -> Crabominable: Woolly Crab Pokémon - ['fighting', 'ice'] - ['Hyper Cutter', 'Iron Fist', 'Anger Point'] - 180.0kg - 1.7m - 60% - false - 7 gen] - 25/03/2016
[#180 -> Flaaffy: Wool Pokémon - ['electric'] - ['Static', 'Plus'] - 13.3kg - 0.8m - 120% - false - 2 gen] - 12/09/1999
[#741 -> Oricorio: Dancing Pokémon - ['fire', 'flying'] - ['Dancer'] - 3.4kg - 0.6m - 45% - false - 7 gen] - 03/05/2016
